<?xml version="1.0" encoding="UTF-8"?>
<!-- Generated by org.testng.reporters.JUnitXMLReporter -->
<testsuite ignored="0" hostname="DESKTOP-T8VVHJG" failures="0" tests="4" name="Default test" time="0.053" errors="0" timestamp="2024-05-02T07:17:07 IST">
  <testcase classname="com.TestNG.partices.AnnotationTest3" name="test1" time="0.005"/>
  <testcase classname="com.TestNG.partices.AnnotationTest3" name="test2" time="0.001"/>
  <testcase classname="com.TestNG.partices.AnnotationTest3" name="test3" time="0.001"/>
  <testcase classname="com.TestNG.partices.AnnotationTest3" name="test4" time="0.002"/>
</testsuite> <!-- Default test -->
