<?xml version="1.0" encoding="UTF-8"?>
<!-- Generated by org.testng.reporters.JUnitXMLReporter -->
<testsuite ignored="4" hostname="DESKTOP-T8VVHJG" failures="1" tests="1" name="SmokeTest" time="3.495" errors="0" timestamp="2024-05-02T07:03:11 IST">
  <testcase classname="com.TestNG.partices.EmployeeCreation" name="empcreation" time="0.006">
    <failure type="java.lang.NullPointerException" message="Cannot invoke &amp;quot;org.openqa.selenium.chrome.ChromeDriver.findElement(org.openqa.selenium.By)&amp;quot; because &amp;quot;this.driver&amp;quot; is null">
      <![CDATA[java.lang.NullPointerException: Cannot invoke "org.openqa.selenium.chrome.ChromeDriver.findElement(org.openqa.selenium.By)" because "this.driver" is null
at com.TestNG.partices.EmployeeCreation.empcreation(EmployeeCreation.java:16)
at java.base/java.util.ArrayList.forEach(ArrayList.java:1511)
... Removed 27 stack frames]]>
    </failure>
  </testcase> <!-- empcreation -->
  <testcase classname="com.TestNG.partices.NewLibrary" name="@AfterTest AppLogout" time="0.0">
    <ignored/>
  </testcase> <!-- @AfterTest AppLogout -->
  <testcase classname="com.TestNG.partices.NewLibrary" name="@BeforeSuite AppLanuch" time="0.0">
    <ignored/>
  </testcase> <!-- @BeforeSuite AppLanuch -->
  <testcase classname="com.TestNG.partices.NewLibrary" name="@BeforeTest AppLogin" time="0.0">
    <ignored/>
  </testcase> <!-- @BeforeTest AppLogin -->
  <testcase classname="com.TestNG.partices.NewLibrary" name="@AfterSuite AppClose" time="0.0">
    <ignored/>
  </testcase> <!-- @AfterSuite AppClose -->
</testsuite> <!-- SmokeTest -->
