<?xml version="1.0" encoding="UTF-8"?>
<!-- Generated by org.testng.reporters.JUnitXMLReporter -->
<testsuite ignored="0" hostname="DESKTOP-T8VVHJG" failures="0" tests="18" name="SmokeTest" time="17.61" errors="0" timestamp="2024-05-01T07:42:25 IST">
  <testcase classname="com.TestNG.partices.AnnotationTest" name="test1" time="0.019"/>
  <testcase classname="com.TestNG.partices.AnnotationTest" name="test2" time="0.007"/>
  <testcase classname="com.TestNG.partices.AnnotationTest" name="test3" time="0.01"/>
  <testcase classname="com.TestNG.partices.AnnotationTest" name="test4" time="0.009"/>
  <testcase classname="com.TestNG.partices.MultipleTestCase" name="OpenURL" time="0.007"/>
  <testcase classname="com.TestNG.partices.MultipleTestCase" name="OpenURL" time="0.009"/>
  <testcase classname="com.TestNG.partices.AnnotationTest3" name="test1" time="0.008"/>
  <testcase classname="com.TestNG.partices.AnnotationTest3" name="test2" time="0.017"/>
  <testcase classname="com.TestNG.partices.AnnotationTest3" name="test3" time="0.006"/>
  <testcase classname="com.TestNG.partices.AnnotationTest3" name="test4" time="0.005"/>
  <testcase classname="com.TestNG.partices.AddofTwoNumbers" name="AddTwonubmer" time="0.004"/>
  <testcase classname="com.TestNG.partices.AddofTwoNumbers" name="Multipication" time="0.073"/>
  <testcase classname="com.TestNG.partices.AnnotationTest1" name="test1" time="0.002"/>
  <testcase classname="com.TestNG.partices.AnnotationTest1" name="test2" time="0.002"/>
  <testcase classname="com.TestNG.partices.AnnotationTest1" name="test3" time="0.003"/>
  <testcase classname="com.TestNG.partices.AnnotationTest1" name="test4" time="0.014"/>
  <testcase classname="com.TestNG.partices.AdminLogin" name="adminlogin" time="16.994"/>
  <testcase classname="com.TestNG.partices.SampleTest" name="sample" time="0.024"/>
</testsuite> <!-- SmokeTest -->
