<?xml version="1.0" encoding="UTF-8"?>
<testng-results ignored="0" total="4" passed="4" failed="0" skipped="0">
  <reporter-output>
  </reporter-output>
  <suite started-at="2024-05-02T07:17:07 IST" name="Default suite" finished-at="2024-05-02T07:17:07 IST" duration-ms="53">
    <groups>
    </groups>
    <test started-at="2024-05-02T07:17:07 IST" name="Default test" finished-at="2024-05-02T07:17:07 IST" duration-ms="53">
      <class name="com.TestNG.partices.AnnotationTest3">
        <test-method is-config="true" signature="beforesuite()[pri:0, instance:com.TestNG.partices.AnnotationTest3@316bcf94]" started-at="2024-05-02T07:17:07 IST" name="beforesuite" finished-at="2024-05-02T07:17:07 IST" duration-ms="5" status="PASS">
          <reporter-output>
          </reporter-output>
        </test-method> <!-- beforesuite -->
        <test-method is-config="true" signature="befortest()[pri:0, instance:com.TestNG.partices.AnnotationTest3@316bcf94]" started-at="2024-05-02T07:17:07 IST" name="befortest" finished-at="2024-05-02T07:17:07 IST" duration-ms="1" status="PASS">
          <reporter-output>
          </reporter-output>
        </test-method> <!-- befortest -->
        <test-method signature="test1()[pri:1, instance:com.TestNG.partices.AnnotationTest3@316bcf94]" started-at="2024-05-02T07:17:07 IST" name="test1" finished-at="2024-05-02T07:17:07 IST" duration-ms="5" status="PASS">
          <reporter-output>
          </reporter-output>
        </test-method> <!-- test1 -->
        <test-method signature="test2()[pri:2, instance:com.TestNG.partices.AnnotationTest3@316bcf94]" started-at="2024-05-02T07:17:07 IST" name="test2" finished-at="2024-05-02T07:17:07 IST" duration-ms="1" status="PASS">
          <reporter-output>
          </reporter-output>
        </test-method> <!-- test2 -->
        <test-method signature="test3()[pri:3, instance:com.TestNG.partices.AnnotationTest3@316bcf94]" started-at="2024-05-02T07:17:07 IST" name="test3" finished-at="2024-05-02T07:17:07 IST" duration-ms="1" status="PASS">
          <reporter-output>
          </reporter-output>
        </test-method> <!-- test3 -->
        <test-method signature="test4()[pri:4, instance:com.TestNG.partices.AnnotationTest3@316bcf94]" started-at="2024-05-02T07:17:07 IST" name="test4" finished-at="2024-05-02T07:17:07 IST" duration-ms="2" status="PASS">
          <reporter-output>
          </reporter-output>
        </test-method> <!-- test4 -->
        <test-method is-config="true" signature="aftertest()[pri:0, instance:com.TestNG.partices.AnnotationTest3@316bcf94]" started-at="2024-05-02T07:17:07 IST" name="aftertest" finished-at="2024-05-02T07:17:07 IST" duration-ms="0" status="PASS">
          <reporter-output>
          </reporter-output>
        </test-method> <!-- aftertest -->
        <test-method is-config="true" signature="aftersuite()[pri:0, instance:com.TestNG.partices.AnnotationTest3@316bcf94]" started-at="2024-05-02T07:17:07 IST" name="aftersuite" finished-at="2024-05-02T07:17:07 IST" duration-ms="1" status="PASS">
          <reporter-output>
          </reporter-output>
        </test-method> <!-- aftersuite -->
      </class> <!-- com.TestNG.partices.AnnotationTest3 -->
    </test> <!-- Default test -->
  </suite> <!-- Default suite -->
</testng-results>
